<?xml version="1.0" encoding="UTF-8" ?>
<testsuite tests="25" failures="0" name="com.sg.superherodb.dao.DaoDbImplTest" time="7.868" errors="0" skipped="0">
  <properties>
[...]
</properties>
  <testcase classname="com.sg.superherodb.dao.DaoDbImplTest" name="testDeleteOrganization" time="1.722"/>
  <testcase classname="com.sg.superherodb.dao.DaoDbImplTest" name="testGetAllOrganizations" time="0.329"/>
  <testcase classname="com.sg.superherodb.dao.DaoDbImplTest" name="testAddHero" time="0.358"/>
  <testcase classname="com.sg.superherodb.dao.DaoDbImplTest" name="testUpdateOrganization" time="0.216"/>
  <testcase classname="com.sg.superherodb.dao.DaoDbImplTest" name="testGetAllLocationsofHero" time="0.268"/>
  <testcase classname="com.sg.superherodb.dao.DaoDbImplTest" name="testAddSighting" time="0.419"/>
  <testcase classname="com.sg.superherodb.dao.DaoDbImplTest" name="testAddOrganization" time="0.36"/>
  <testcase classname="com.sg.superherodb.dao.DaoDbImplTest" name="testGetAllHeros" time="0.244"/>
  <testcase classname="com.sg.superherodb.dao.DaoDbImplTest" name="testUpdateHero" time="0.138"/>
  <testcase classname="com.sg.superherodb.dao.DaoDbImplTest" name="testGetOrgById" time="0.296"/>
  <testcase classname="com.sg.superherodb.dao.DaoDbImplTest" name="testGetAllSightings" time="0.295"/>
  <testcase classname="com.sg.superherodb.dao.DaoDbImplTest" name="testDeleteSightingById" time="0.423"/>
  <testcase classname="com.sg.superherodb.dao.DaoDbImplTest" name="testGetHero" time="0.327"/>
  <testcase classname="com.sg.superherodb.dao.DaoDbImplTest" name="testGetSightingById" time="0.231"/>
  <testcase classname="com.sg.superherodb.dao.DaoDbImplTest" name="testUpdateSighting" time="0.23"/>
  <testcase classname="com.sg.superherodb.dao.DaoDbImplTest" name="testAddLocation" time="0.204"/>
  <testcase classname="com.sg.superherodb.dao.DaoDbImplTest" name="testGetAllSightingsOnDate" time="0.269"/>
  <testcase classname="com.sg.superherodb.dao.DaoDbImplTest" name="testGetAllHerosOfOrganzation" time="0.223"/>
  <testcase classname="com.sg.superherodb.dao.DaoDbImplTest" name="testDeleteHero" time="0.149"/>
  <testcase classname="com.sg.superherodb.dao.DaoDbImplTest" name="testGetAllHerosAtLocation" time="0.229"/>
  <testcase classname="com.sg.superherodb.dao.DaoDbImplTest" name="testDeleteLocationByID" time="0.219"/>
  <testcase classname="com.sg.superherodb.dao.DaoDbImplTest" name="testGetAllLocations" time="0.104"/>
  <testcase classname="com.sg.superherodb.dao.DaoDbImplTest" name="testGetLocationById" time="0.105"/>
  <testcase classname="com.sg.superherodb.dao.DaoDbImplTest" name="testUpdateLocation" time="0.142"/>
  <testcase classname="com.sg.superherodb.dao.DaoDbImplTest" name="testGetAllOrganizationOfHero" time="0.202"/>
</testsuite>